<!DOCTYPE html PUBLIC "-//W3C//DTD XHTML 1.1//EN" "http://www.w3.org/TR/xhtml11/DTD/xhtml11.dtd">
<html xmlns="http://www.w3.org/1999/xhtml"><head><title>TestNG Report</title><style type="text/css">table {margin-bottom:10px;border-collapse:collapse;empty-cells:show}th,td {border:1px solid #009;padding:.25em .5em}th {vertical-align:bottom}td {vertical-align:top}table a {font-weight:bold}.stripe td {background-color: #E6EBF9}.num {text-align:right}.passedodd td {background-color: #3F3}.passedeven td {background-color: #0A0}.skippedodd td {background-color: #DDD}.skippedeven td {background-color: #CCC}.failedodd td,.attn {background-color: #F33}.failedeven td,.stripe .attn {background-color: #D00}.stacktrace {white-space:pre;font-family:monospace}.totop {font-size:85%;text-align:center;border-bottom:2px solid #000}</style></head><body><table><tr><th>Test</th><th># Passed</th><th># Skipped</th><th># Failed</th><th>Time (ms)</th><th>Included Groups</th><th>Excluded Groups</th></tr><tr><th colspan="7">Command line suite</th></tr><tr><td><a href="#t0">Command line test</a></td><td class="num">8</td><td class="num">0</td><td class="num attn">2</td><td class="num">281,127</td><td></td><td></td></tr></table><table><thead><tr><th>Class</th><th>Method</th><th>Start</th><th>Time (ms)</th></tr></thead><tbody><tr><th colspan="4">Command line suite</th></tr></tbody><tbody id="t0"><tr><th colspan="4">Command line test &#8212; failed</th></tr><tr class="failedeven"><td rowspan="2">com.dimaria95.testapp.LoginTest</td><td><a href="#m0">testNegativeLogin</a></td><td rowspan="1">1526300712003</td><td rowspan="1">63634</td></tr><tr class="failedeven"><td><a href="#m1">testPositiveLogin</a></td><td rowspan="1">1526300775643</td><td rowspan="1">29996</td></tr><tr><th colspan="4">Command line test &#8212; passed</th></tr><tr class="passedeven"><td rowspan="4">com.dimaria95.testapp.AddToCartTest</td><td><a href="#m2">AddMultipleDifferentItems</a></td><td rowspan="1">1526300584138</td><td rowspan="1">15924</td></tr><tr class="passedeven"><td><a href="#m3">AddMultipleSameItemsToCart</a></td><td rowspan="1">1526300610202</td><td rowspan="1">7960</td></tr><tr class="passedeven"><td><a href="#m4">AddOneItemToCart</a></td><td rowspan="1">1526300624434</td><td rowspan="1">9282</td></tr><tr class="passedeven"><td><a href="#m5">removeOneItem</a></td><td rowspan="1">1526300638584</td><td rowspan="1">9154</td></tr><tr class="passedodd"><td rowspan="1">com.dimaria95.testapp.CheckoutTest</td><td><a href="#m6">checkoutFlowTest</a></td><td rowspan="1">1526300677538</td><td rowspan="1">17639</td></tr><tr class="passedeven"><td rowspan="3">com.dimaria95.testapp.SearchTest</td><td><a href="#m7">categorySearch</a></td><td rowspan="1">1526300821945</td><td rowspan="1">3525</td></tr><tr class="passedeven"><td><a href="#m8">invalidSearch</a></td><td rowspan="1">1526300827250</td><td rowspan="1">2493</td></tr><tr class="passedeven"><td><a href="#m9">priceSearch</a></td><td rowspan="1">1526300831729</td><td rowspan="1">4044</td></tr></tbody></table><h2>Command line test</h2><h3 id="m0">com.dimaria95.testapp.LoginTest#testNegativeLogin</h3><table class="result"><tr><th>Exception</th></tr><tr><td><div class="stacktrace">org.openqa.selenium.TimeoutException: Expected condition failed: waiting for visibility of Proxy element for: DefaultElementLocator &apos;By.xpath: //*[@id=&quot;customer_login&quot;]/div[2]/ul/li&apos; (tried for 30 second(s) with 500 milliseconds interval)
	at org.openqa.selenium.support.ui.WebDriverWait.timeoutException(WebDriverWait.java:81)
	at org.openqa.selenium.support.ui.FluentWait.until(FluentWait.java:271)
	at com.dimaria95.testapp.LoginPage.isErrorMsgDisplayed(LoginPage.java:46)
	at com.dimaria95.testapp.LoginTest.testNegativeLogin(LoginTest.java:64)
Caused by: org.openqa.selenium.NoSuchElementException: Unable to locate element: //*[@id=&quot;customer_login&quot;]/div[2]/ul/li
For documentation on this error, please visit: http://seleniumhq.org/exceptions/no_such_element.html
Build info: version: &apos;3.11.0&apos;, revision: &apos;e59cfb3&apos;, time: &apos;2018-03-11T20:26:55.152Z&apos;
System info: host: &apos;Nikolas-MacBook-Pro.local&apos;, ip: &apos;fe80:0:0:0:c03:e76f:1948:3b3%en0&apos;, os.name: &apos;Mac OS X&apos;, os.arch: &apos;x86_64&apos;, os.version: &apos;10.13.4&apos;, java.version: &apos;1.8.0_171&apos;
Driver info: org.openqa.selenium.remote.RemoteWebDriver
Capabilities {acceptInsecureCerts: true, browserName: firefox, browserVersion: 59.0.2, javascriptEnabled: true, moz:accessibilityChecks: false, moz:headless: false, moz:processID: 9310, moz:profile: /tmp/rust_mozprofile.r1U6ry..., moz:useNonSpecCompliantPointerOrigin: false, moz:webdriverClick: true, pageLoadStrategy: normal, platform: LINUX, platformName: LINUX, platformVersion: 4.9.87-linuxkit-aufs, rotatable: false, timeouts: {implicit: 0, pageLoad: 300000, script: 30000}, webdriver.remote.sessionid: e1d44b2b-8f50-49d6-8185-cd3...}
Session ID: e1d44b2b-8f50-49d6-8185-cd36a8548054
*** Element info: {Using=xpath, value=//*[@id=&quot;customer_login&quot;]/div[2]/ul/li}
	at org.openqa.selenium.remote.http.W3CHttpResponseCodec.createException(W3CHttpResponseCodec.java:187)
	at org.openqa.selenium.remote.http.W3CHttpResponseCodec.decode(W3CHttpResponseCodec.java:122)
	at org.openqa.selenium.remote.http.W3CHttpResponseCodec.decode(W3CHttpResponseCodec.java:49)
	at org.openqa.selenium.remote.HttpCommandExecutor.execute(HttpCommandExecutor.java:158)
	at org.openqa.selenium.remote.RemoteWebDriver.execute(RemoteWebDriver.java:545)
	at org.openqa.selenium.remote.RemoteWebDriver.findElement(RemoteWebDriver.java:319)
	at org.openqa.selenium.remote.RemoteWebDriver.findElementByXPath(RemoteWebDriver.java:421)
	at org.openqa.selenium.By$ByXPath.findElement(By.java:361)
	at org.openqa.selenium.remote.RemoteWebDriver.findElement(RemoteWebDriver.java:311)
	at org.openqa.selenium.support.pagefactory.DefaultElementLocator.findElement(DefaultElementLocator.java:69)
	at org.openqa.selenium.support.pagefactory.internal.LocatingElementHandler.invoke(LocatingElementHandler.java:38)
	at com.sun.proxy.$Proxy9.isDisplayed(Unknown Source)
	at org.openqa.selenium.support.ui.ExpectedConditions.elementIfVisible(ExpectedConditions.java:315)
	at org.openqa.selenium.support.ui.ExpectedConditions.access$100(ExpectedConditions.java:44)
	at org.openqa.selenium.support.ui.ExpectedConditions$10.apply(ExpectedConditions.java:301)
	at org.openqa.selenium.support.ui.ExpectedConditions$10.apply(ExpectedConditions.java:298)
	at org.openqa.selenium.support.ui.FluentWait.until(FluentWait.java:248)
	... 36 more
... Removed 38 stack frames</div></td></tr></table><p class="totop"><a href="#summary">back to summary</a></p><h3 id="m1">com.dimaria95.testapp.LoginTest#testPositiveLogin</h3><table class="result"><tr><th>Exception</th></tr><tr><td><div class="stacktrace">org.openqa.selenium.NoSuchElementException: Unable to locate element: //*[@id=&quot;the-pi-hut&quot;]/header/div/div/div[2]/div/ul/li[3]
For documentation on this error, please visit: http://seleniumhq.org/exceptions/no_such_element.html
Build info: version: &apos;3.11.0&apos;, revision: &apos;e59cfb3&apos;, time: &apos;2018-03-11T20:26:55.152Z&apos;
System info: host: &apos;Nikolas-MacBook-Pro.local&apos;, ip: &apos;fe80:0:0:0:c03:e76f:1948:3b3%en0&apos;, os.name: &apos;Mac OS X&apos;, os.arch: &apos;x86_64&apos;, os.version: &apos;10.13.4&apos;, java.version: &apos;1.8.0_171&apos;
Driver info: org.openqa.selenium.remote.RemoteWebDriver
Capabilities {acceptInsecureCerts: true, browserName: firefox, browserVersion: 59.0.2, javascriptEnabled: true, moz:accessibilityChecks: false, moz:headless: false, moz:processID: 9310, moz:profile: /tmp/rust_mozprofile.r1U6ry..., moz:useNonSpecCompliantPointerOrigin: false, moz:webdriverClick: true, pageLoadStrategy: normal, platform: LINUX, platformName: LINUX, platformVersion: 4.9.87-linuxkit-aufs, rotatable: false, timeouts: {implicit: 0, pageLoad: 300000, script: 30000}, webdriver.remote.sessionid: e1d44b2b-8f50-49d6-8185-cd3...}
Session ID: e1d44b2b-8f50-49d6-8185-cd36a8548054
*** Element info: {Using=xpath, value=//*[@id=&quot;the-pi-hut&quot;]/header/div/div/div[2]/div/ul/li[3]}
	at org.openqa.selenium.remote.http.W3CHttpResponseCodec.createException(W3CHttpResponseCodec.java:187)
	at org.openqa.selenium.remote.http.W3CHttpResponseCodec.decode(W3CHttpResponseCodec.java:122)
	at org.openqa.selenium.remote.http.W3CHttpResponseCodec.decode(W3CHttpResponseCodec.java:49)
	at org.openqa.selenium.remote.HttpCommandExecutor.execute(HttpCommandExecutor.java:158)
	at org.openqa.selenium.remote.RemoteWebDriver.execute(RemoteWebDriver.java:545)
	at org.openqa.selenium.remote.RemoteWebDriver.findElement(RemoteWebDriver.java:319)
	at org.openqa.selenium.remote.RemoteWebDriver.findElementByXPath(RemoteWebDriver.java:421)
	at org.openqa.selenium.By$ByXPath.findElement(By.java:361)
	at org.openqa.selenium.remote.RemoteWebDriver.findElement(RemoteWebDriver.java:311)
	at org.openqa.selenium.support.pagefactory.DefaultElementLocator.findElement(DefaultElementLocator.java:69)
	at org.openqa.selenium.support.pagefactory.internal.LocatingElementHandler.invoke(LocatingElementHandler.java:38)
	at com.sun.proxy.$Proxy9.click(Unknown Source)
	at com.dimaria95.testapp.HomePage.goToLoginPage(HomePage.java:38)
	at com.dimaria95.testapp.LoginTest.testPositiveLogin(LoginTest.java:35)
... Removed 38 stack frames</div></td></tr></table><p class="totop"><a href="#summary">back to summary</a></p><h3 id="m2">com.dimaria95.testapp.AddToCartTest#AddMultipleDifferentItems</h3><table class="result"></table><p class="totop"><a href="#summary">back to summary</a></p><h3 id="m3">com.dimaria95.testapp.AddToCartTest#AddMultipleSameItemsToCart</h3><table class="result"></table><p class="totop"><a href="#summary">back to summary</a></p><h3 id="m4">com.dimaria95.testapp.AddToCartTest#AddOneItemToCart</h3><table class="result"></table><p class="totop"><a href="#summary">back to summary</a></p><h3 id="m5">com.dimaria95.testapp.AddToCartTest#removeOneItem</h3><table class="result"></table><p class="totop"><a href="#summary">back to summary</a></p><h3 id="m6">com.dimaria95.testapp.CheckoutTest#checkoutFlowTest</h3><table class="result"></table><p class="totop"><a href="#summary">back to summary</a></p><h3 id="m7">com.dimaria95.testapp.SearchTest#categorySearch</h3><table class="result"></table><p class="totop"><a href="#summary">back to summary</a></p><h3 id="m8">com.dimaria95.testapp.SearchTest#invalidSearch</h3><table class="result"></table><p class="totop"><a href="#summary">back to summary</a></p><h3 id="m9">com.dimaria95.testapp.SearchTest#priceSearch</h3><table class="result"></table><p class="totop"><a href="#summary">back to summary</a></p></body></html>