<?xml version="1.0" encoding="UTF-8"?>
<testng-results skipped="0" failed="2" total="10" passed="8">
  <reporter-output>
  </reporter-output>
  <suite name="Command line suite" duration-ms="281127" started-at="2018-05-14T12:22:37Z" finished-at="2018-05-14T12:27:18Z">
    <groups>
    </groups>
    <test name="Command line test" duration-ms="281127" started-at="2018-05-14T12:22:37Z" finished-at="2018-05-14T12:27:18Z">
      <class name="com.dimaria95.testapp.CheckoutTest">
        <test-method status="PASS" signature="setupTest()[pri:0, instance:com.dimaria95.testapp.CheckoutTest@735f7ae5]" name="setupTest" is-config="true" duration-ms="25986" started-at="2018-05-14T14:24:08Z" finished-at="2018-05-14T14:24:34Z">
          <reporter-output>
          </reporter-output>
        </test-method> <!-- setupTest -->
        <test-method status="PASS" signature="initEmptyCart()[pri:0, instance:com.dimaria95.testapp.CheckoutTest@735f7ae5]" name="initEmptyCart" is-config="true" duration-ms="2776" started-at="2018-05-14T14:24:34Z" finished-at="2018-05-14T14:24:37Z">
          <reporter-output>
          </reporter-output>
        </test-method> <!-- initEmptyCart -->
        <test-method status="PASS" signature="checkoutFlowTest()[pri:0, instance:com.dimaria95.testapp.CheckoutTest@735f7ae5]" name="checkoutFlowTest" duration-ms="17639" started-at="2018-05-14T14:24:37Z" finished-at="2018-05-14T14:24:55Z">
          <reporter-output>
          </reporter-output>
        </test-method> <!-- checkoutFlowTest -->
        <test-method status="PASS" signature="tearDown()[pri:0, instance:com.dimaria95.testapp.CheckoutTest@735f7ae5]" name="tearDown" is-config="true" duration-ms="875" started-at="2018-05-14T14:24:55Z" finished-at="2018-05-14T14:24:56Z">
          <reporter-output>
          </reporter-output>
        </test-method> <!-- tearDown -->
      </class> <!-- com.dimaria95.testapp.CheckoutTest -->
      <class name="com.dimaria95.testapp.SearchTest">
        <test-method status="PASS" signature="setupTest()[pri:0, instance:com.dimaria95.testapp.SearchTest@180bc464]" name="setupTest" is-config="true" duration-ms="15414" started-at="2018-05-14T14:26:46Z" finished-at="2018-05-14T14:27:01Z">
          <reporter-output>
          </reporter-output>
        </test-method> <!-- setupTest -->
        <test-method status="PASS" signature="categorySearch()[pri:0, instance:com.dimaria95.testapp.SearchTest@180bc464]" name="categorySearch" duration-ms="3525" started-at="2018-05-14T14:27:01Z" finished-at="2018-05-14T14:27:05Z">
          <reporter-output>
          </reporter-output>
        </test-method> <!-- categorySearch -->
        <test-method status="PASS" signature="goHome()[pri:0, instance:com.dimaria95.testapp.SearchTest@180bc464]" name="goHome" is-config="true" duration-ms="1780" started-at="2018-05-14T14:27:05Z" finished-at="2018-05-14T14:27:07Z">
          <reporter-output>
          </reporter-output>
        </test-method> <!-- goHome -->
        <test-method status="PASS" signature="invalidSearch()[pri:0, instance:com.dimaria95.testapp.SearchTest@180bc464]" name="invalidSearch" duration-ms="2493" started-at="2018-05-14T14:27:07Z" finished-at="2018-05-14T14:27:09Z">
          <reporter-output>
          </reporter-output>
        </test-method> <!-- invalidSearch -->
        <test-method status="PASS" signature="goHome()[pri:0, instance:com.dimaria95.testapp.SearchTest@180bc464]" name="goHome" is-config="true" duration-ms="1985" started-at="2018-05-14T14:27:09Z" finished-at="2018-05-14T14:27:11Z">
          <reporter-output>
          </reporter-output>
        </test-method> <!-- goHome -->
        <test-method status="PASS" signature="priceSearch()[pri:0, instance:com.dimaria95.testapp.SearchTest@180bc464]" name="priceSearch" duration-ms="4044" started-at="2018-05-14T14:27:11Z" finished-at="2018-05-14T14:27:15Z">
          <reporter-output>
          </reporter-output>
        </test-method> <!-- priceSearch -->
        <test-method status="PASS" signature="goHome()[pri:0, instance:com.dimaria95.testapp.SearchTest@180bc464]" name="goHome" is-config="true" duration-ms="1608" started-at="2018-05-14T14:27:15Z" finished-at="2018-05-14T14:27:17Z">
          <reporter-output>
          </reporter-output>
        </test-method> <!-- goHome -->
        <test-method status="PASS" signature="tearDown()[pri:0, instance:com.dimaria95.testapp.SearchTest@180bc464]" name="tearDown" is-config="true" duration-ms="916" started-at="2018-05-14T14:27:17Z" finished-at="2018-05-14T14:27:18Z">
          <reporter-output>
          </reporter-output>
        </test-method> <!-- tearDown -->
      </class> <!-- com.dimaria95.testapp.SearchTest -->
      <class name="com.dimaria95.testapp.LoginTest">
        <test-method status="PASS" signature="setupTest()[pri:0, instance:com.dimaria95.testapp.LoginTest@1324409e]" name="setupTest" is-config="true" duration-ms="15950" started-at="2018-05-14T14:24:56Z" finished-at="2018-05-14T14:25:12Z">
          <reporter-output>
          </reporter-output>
        </test-method> <!-- setupTest -->
        <test-method status="PASS" signature="setupLogin()[pri:0, instance:com.dimaria95.testapp.LoginTest@1324409e]" name="setupLogin" is-config="true" duration-ms="0" started-at="2018-05-14T14:25:12Z" finished-at="2018-05-14T14:25:12Z">
          <reporter-output>
          </reporter-output>
        </test-method> <!-- setupLogin -->
        <test-method status="FAIL" signature="testNegativeLogin()[pri:0, instance:com.dimaria95.testapp.LoginTest@1324409e]" name="testNegativeLogin" duration-ms="63634" started-at="2018-05-14T14:25:12Z" finished-at="2018-05-14T14:26:15Z">
          <exception class="org.openqa.selenium.TimeoutException">
            <message>
              <![CDATA[Expected condition failed: waiting for visibility of Proxy element for: DefaultElementLocator 'By.xpath: //*[@id="customer_login"]/div[2]/ul/li' (tried for 30 second(s) with 500 milliseconds interval)]]>
            </message>
            <full-stacktrace>
              <![CDATA[org.openqa.selenium.TimeoutException: Expected condition failed: waiting for visibility of Proxy element for: DefaultElementLocator 'By.xpath: //*[@id="customer_login"]/div[2]/ul/li' (tried for 30 second(s) with 500 milliseconds interval)
	at org.openqa.selenium.support.ui.WebDriverWait.timeoutException(WebDriverWait.java:81)
	at org.openqa.selenium.support.ui.FluentWait.until(FluentWait.java:271)
	at com.dimaria95.testapp.LoginPage.isErrorMsgDisplayed(LoginPage.java:46)
	at com.dimaria95.testapp.LoginTest.testNegativeLogin(LoginTest.java:64)
	at sun.reflect.NativeMethodAccessorImpl.invoke0(Native Method)
	at sun.reflect.NativeMethodAccessorImpl.invoke(NativeMethodAccessorImpl.java:62)
	at sun.reflect.DelegatingMethodAccessorImpl.invoke(DelegatingMethodAccessorImpl.java:43)
	at java.lang.reflect.Method.invoke(Method.java:498)
	at org.testng.internal.MethodInvocationHelper.invokeMethod(MethodInvocationHelper.java:85)
	at org.testng.internal.Invoker.invokeMethod(Invoker.java:639)
	at org.testng.internal.Invoker.invokeTestMethod(Invoker.java:816)
	at org.testng.internal.Invoker.invokeTestMethods(Invoker.java:1124)
	at org.testng.internal.TestMethodWorker.invokeTestMethods(TestMethodWorker.java:125)
	at org.testng.internal.TestMethodWorker.run(TestMethodWorker.java:108)
	at org.testng.TestRunner.privateRun(TestRunner.java:774)
	at org.testng.TestRunner.run(TestRunner.java:624)
	at org.testng.SuiteRunner.runTest(SuiteRunner.java:359)
	at org.testng.SuiteRunner.runSequentially(SuiteRunner.java:354)
	at org.testng.SuiteRunner.privateRun(SuiteRunner.java:312)
	at org.testng.SuiteRunner.run(SuiteRunner.java:261)
	at org.testng.SuiteRunnerWorker.runSuite(SuiteRunnerWorker.java:52)
	at org.testng.SuiteRunnerWorker.run(SuiteRunnerWorker.java:86)
	at org.testng.TestNG.runSuitesSequentially(TestNG.java:1191)
	at org.testng.TestNG.runSuitesLocally(TestNG.java:1116)
	at org.testng.TestNG.run(TestNG.java:1024)
	at org.apache.maven.surefire.testng.TestNGExecutor.run(TestNGExecutor.java:77)
	at org.apache.maven.surefire.testng.TestNGDirectoryTestSuite.executeMulti(TestNGDirectoryTestSuite.java:159)
	at org.apache.maven.surefire.testng.TestNGDirectoryTestSuite.execute(TestNGDirectoryTestSuite.java:99)
	at org.apache.maven.surefire.testng.TestNGProvider.invoke(TestNGProvider.java:106)
	at sun.reflect.NativeMethodAccessorImpl.invoke0(Native Method)
	at sun.reflect.NativeMethodAccessorImpl.invoke(NativeMethodAccessorImpl.java:62)
	at sun.reflect.DelegatingMethodAccessorImpl.invoke(DelegatingMethodAccessorImpl.java:43)
	at java.lang.reflect.Method.invoke(Method.java:498)
	at org.apache.maven.surefire.util.ReflectionUtils.invokeMethodWithArray(ReflectionUtils.java:189)
	at org.apache.maven.surefire.booter.ProviderFactory$ProviderProxy.invoke(ProviderFactory.java:165)
	at org.apache.maven.surefire.booter.ProviderFactory.invokeProvider(ProviderFactory.java:85)
	at org.apache.maven.surefire.booter.ForkedBooter.runSuitesInProcess(ForkedBooter.java:115)
	at org.apache.maven.surefire.booter.ForkedBooter.main(ForkedBooter.java:75)
Caused by: org.openqa.selenium.NoSuchElementException: Unable to locate element: //*[@id="customer_login"]/div[2]/ul/li
For documentation on this error, please visit: http://seleniumhq.org/exceptions/no_such_element.html
Build info: version: '3.11.0', revision: 'e59cfb3', time: '2018-03-11T20:26:55.152Z'
System info: host: 'Nikolas-MacBook-Pro.local', ip: 'fe80:0:0:0:c03:e76f:1948:3b3%en0', os.name: 'Mac OS X', os.arch: 'x86_64', os.version: '10.13.4', java.version: '1.8.0_171'
Driver info: org.openqa.selenium.remote.RemoteWebDriver
Capabilities {acceptInsecureCerts: true, browserName: firefox, browserVersion: 59.0.2, javascriptEnabled: true, moz:accessibilityChecks: false, moz:headless: false, moz:processID: 9310, moz:profile: /tmp/rust_mozprofile.r1U6ry..., moz:useNonSpecCompliantPointerOrigin: false, moz:webdriverClick: true, pageLoadStrategy: normal, platform: LINUX, platformName: LINUX, platformVersion: 4.9.87-linuxkit-aufs, rotatable: false, timeouts: {implicit: 0, pageLoad: 300000, script: 30000}, webdriver.remote.sessionid: e1d44b2b-8f50-49d6-8185-cd3...}
Session ID: e1d44b2b-8f50-49d6-8185-cd36a8548054
*** Element info: {Using=xpath, value=//*[@id="customer_login"]/div[2]/ul/li}
	at sun.reflect.NativeConstructorAccessorImpl.newInstance0(Native Method)
	at sun.reflect.NativeConstructorAccessorImpl.newInstance(NativeConstructorAccessorImpl.java:62)
	at sun.reflect.DelegatingConstructorAccessorImpl.newInstance(DelegatingConstructorAccessorImpl.java:45)
	at java.lang.reflect.Constructor.newInstance(Constructor.java:423)
	at org.openqa.selenium.remote.http.W3CHttpResponseCodec.createException(W3CHttpResponseCodec.java:187)
	at org.openqa.selenium.remote.http.W3CHttpResponseCodec.decode(W3CHttpResponseCodec.java:122)
	at org.openqa.selenium.remote.http.W3CHttpResponseCodec.decode(W3CHttpResponseCodec.java:49)
	at org.openqa.selenium.remote.HttpCommandExecutor.execute(HttpCommandExecutor.java:158)
	at org.openqa.selenium.remote.RemoteWebDriver.execute(RemoteWebDriver.java:545)
	at org.openqa.selenium.remote.RemoteWebDriver.findElement(RemoteWebDriver.java:319)
	at org.openqa.selenium.remote.RemoteWebDriver.findElementByXPath(RemoteWebDriver.java:421)
	at org.openqa.selenium.By$ByXPath.findElement(By.java:361)
	at org.openqa.selenium.remote.RemoteWebDriver.findElement(RemoteWebDriver.java:311)
	at org.openqa.selenium.support.pagefactory.DefaultElementLocator.findElement(DefaultElementLocator.java:69)
	at org.openqa.selenium.support.pagefactory.internal.LocatingElementHandler.invoke(LocatingElementHandler.java:38)
	at com.sun.proxy.$Proxy9.isDisplayed(Unknown Source)
	at org.openqa.selenium.support.ui.ExpectedConditions.elementIfVisible(ExpectedConditions.java:315)
	at org.openqa.selenium.support.ui.ExpectedConditions.access$100(ExpectedConditions.java:44)
	at org.openqa.selenium.support.ui.ExpectedConditions$10.apply(ExpectedConditions.java:301)
	at org.openqa.selenium.support.ui.ExpectedConditions$10.apply(ExpectedConditions.java:298)
	at org.openqa.selenium.support.ui.FluentWait.until(FluentWait.java:248)
	... 36 more
]]>
            </full-stacktrace>
          </exception> <!-- org.openqa.selenium.TimeoutException -->
          <reporter-output>
          </reporter-output>
        </test-method> <!-- testNegativeLogin -->
        <test-method status="FAIL" signature="testPositiveLogin()[pri:0, instance:com.dimaria95.testapp.LoginTest@1324409e]" name="testPositiveLogin" duration-ms="29996" started-at="2018-05-14T14:26:15Z" finished-at="2018-05-14T14:26:45Z">
          <exception class="org.openqa.selenium.NoSuchElementException">
            <message>
              <![CDATA[Unable to locate element: //*[@id="the-pi-hut"]/header/div/div/div[2]/div/ul/li[3]
For documentation on this error, please visit: http://seleniumhq.org/exceptions/no_such_element.html
Build info: version: '3.11.0', revision: 'e59cfb3', time: '2018-03-11T20:26:55.152Z'
System info: host: 'Nikolas-MacBook-Pro.local', ip: 'fe80:0:0:0:c03:e76f:1948:3b3%en0', os.name: 'Mac OS X', os.arch: 'x86_64', os.version: '10.13.4', java.version: '1.8.0_171'
Driver info: org.openqa.selenium.remote.RemoteWebDriver
Capabilities {acceptInsecureCerts: true, browserName: firefox, browserVersion: 59.0.2, javascriptEnabled: true, moz:accessibilityChecks: false, moz:headless: false, moz:processID: 9310, moz:profile: /tmp/rust_mozprofile.r1U6ry..., moz:useNonSpecCompliantPointerOrigin: false, moz:webdriverClick: true, pageLoadStrategy: normal, platform: LINUX, platformName: LINUX, platformVersion: 4.9.87-linuxkit-aufs, rotatable: false, timeouts: {implicit: 0, pageLoad: 300000, script: 30000}, webdriver.remote.sessionid: e1d44b2b-8f50-49d6-8185-cd3...}
Session ID: e1d44b2b-8f50-49d6-8185-cd36a8548054
*** Element info: {Using=xpath, value=//*[@id="the-pi-hut"]/header/div/div/div[2]/div/ul/li[3]}]]>
            </message>
            <full-stacktrace>
              <![CDATA[org.openqa.selenium.NoSuchElementException: Unable to locate element: //*[@id="the-pi-hut"]/header/div/div/div[2]/div/ul/li[3]
For documentation on this error, please visit: http://seleniumhq.org/exceptions/no_such_element.html
Build info: version: '3.11.0', revision: 'e59cfb3', time: '2018-03-11T20:26:55.152Z'
System info: host: 'Nikolas-MacBook-Pro.local', ip: 'fe80:0:0:0:c03:e76f:1948:3b3%en0', os.name: 'Mac OS X', os.arch: 'x86_64', os.version: '10.13.4', java.version: '1.8.0_171'
Driver info: org.openqa.selenium.remote.RemoteWebDriver
Capabilities {acceptInsecureCerts: true, browserName: firefox, browserVersion: 59.0.2, javascriptEnabled: true, moz:accessibilityChecks: false, moz:headless: false, moz:processID: 9310, moz:profile: /tmp/rust_mozprofile.r1U6ry..., moz:useNonSpecCompliantPointerOrigin: false, moz:webdriverClick: true, pageLoadStrategy: normal, platform: LINUX, platformName: LINUX, platformVersion: 4.9.87-linuxkit-aufs, rotatable: false, timeouts: {implicit: 0, pageLoad: 300000, script: 30000}, webdriver.remote.sessionid: e1d44b2b-8f50-49d6-8185-cd3...}
Session ID: e1d44b2b-8f50-49d6-8185-cd36a8548054
*** Element info: {Using=xpath, value=//*[@id="the-pi-hut"]/header/div/div/div[2]/div/ul/li[3]}
	at sun.reflect.NativeConstructorAccessorImpl.newInstance0(Native Method)
	at sun.reflect.NativeConstructorAccessorImpl.newInstance(NativeConstructorAccessorImpl.java:62)
	at sun.reflect.DelegatingConstructorAccessorImpl.newInstance(DelegatingConstructorAccessorImpl.java:45)
	at java.lang.reflect.Constructor.newInstance(Constructor.java:423)
	at org.openqa.selenium.remote.http.W3CHttpResponseCodec.createException(W3CHttpResponseCodec.java:187)
	at org.openqa.selenium.remote.http.W3CHttpResponseCodec.decode(W3CHttpResponseCodec.java:122)
	at org.openqa.selenium.remote.http.W3CHttpResponseCodec.decode(W3CHttpResponseCodec.java:49)
	at org.openqa.selenium.remote.HttpCommandExecutor.execute(HttpCommandExecutor.java:158)
	at org.openqa.selenium.remote.RemoteWebDriver.execute(RemoteWebDriver.java:545)
	at org.openqa.selenium.remote.RemoteWebDriver.findElement(RemoteWebDriver.java:319)
	at org.openqa.selenium.remote.RemoteWebDriver.findElementByXPath(RemoteWebDriver.java:421)
	at org.openqa.selenium.By$ByXPath.findElement(By.java:361)
	at org.openqa.selenium.remote.RemoteWebDriver.findElement(RemoteWebDriver.java:311)
	at org.openqa.selenium.support.pagefactory.DefaultElementLocator.findElement(DefaultElementLocator.java:69)
	at org.openqa.selenium.support.pagefactory.internal.LocatingElementHandler.invoke(LocatingElementHandler.java:38)
	at com.sun.proxy.$Proxy9.click(Unknown Source)
	at com.dimaria95.testapp.HomePage.goToLoginPage(HomePage.java:38)
	at com.dimaria95.testapp.LoginTest.testPositiveLogin(LoginTest.java:35)
	at sun.reflect.NativeMethodAccessorImpl.invoke0(Native Method)
	at sun.reflect.NativeMethodAccessorImpl.invoke(NativeMethodAccessorImpl.java:62)
	at sun.reflect.DelegatingMethodAccessorImpl.invoke(DelegatingMethodAccessorImpl.java:43)
	at java.lang.reflect.Method.invoke(Method.java:498)
	at org.testng.internal.MethodInvocationHelper.invokeMethod(MethodInvocationHelper.java:85)
	at org.testng.internal.Invoker.invokeMethod(Invoker.java:639)
	at org.testng.internal.Invoker.invokeTestMethod(Invoker.java:816)
	at org.testng.internal.Invoker.invokeTestMethods(Invoker.java:1124)
	at org.testng.internal.TestMethodWorker.invokeTestMethods(TestMethodWorker.java:125)
	at org.testng.internal.TestMethodWorker.run(TestMethodWorker.java:108)
	at org.testng.TestRunner.privateRun(TestRunner.java:774)
	at org.testng.TestRunner.run(TestRunner.java:624)
	at org.testng.SuiteRunner.runTest(SuiteRunner.java:359)
	at org.testng.SuiteRunner.runSequentially(SuiteRunner.java:354)
	at org.testng.SuiteRunner.privateRun(SuiteRunner.java:312)
	at org.testng.SuiteRunner.run(SuiteRunner.java:261)
	at org.testng.SuiteRunnerWorker.runSuite(SuiteRunnerWorker.java:52)
	at org.testng.SuiteRunnerWorker.run(SuiteRunnerWorker.java:86)
	at org.testng.TestNG.runSuitesSequentially(TestNG.java:1191)
	at org.testng.TestNG.runSuitesLocally(TestNG.java:1116)
	at org.testng.TestNG.run(TestNG.java:1024)
	at org.apache.maven.surefire.testng.TestNGExecutor.run(TestNGExecutor.java:77)
	at org.apache.maven.surefire.testng.TestNGDirectoryTestSuite.executeMulti(TestNGDirectoryTestSuite.java:159)
	at org.apache.maven.surefire.testng.TestNGDirectoryTestSuite.execute(TestNGDirectoryTestSuite.java:99)
	at org.apache.maven.surefire.testng.TestNGProvider.invoke(TestNGProvider.java:106)
	at sun.reflect.NativeMethodAccessorImpl.invoke0(Native Method)
	at sun.reflect.NativeMethodAccessorImpl.invoke(NativeMethodAccessorImpl.java:62)
	at sun.reflect.DelegatingMethodAccessorImpl.invoke(DelegatingMethodAccessorImpl.java:43)
	at java.lang.reflect.Method.invoke(Method.java:498)
	at org.apache.maven.surefire.util.ReflectionUtils.invokeMethodWithArray(ReflectionUtils.java:189)
	at org.apache.maven.surefire.booter.ProviderFactory$ProviderProxy.invoke(ProviderFactory.java:165)
	at org.apache.maven.surefire.booter.ProviderFactory.invokeProvider(ProviderFactory.java:85)
	at org.apache.maven.surefire.booter.ForkedBooter.runSuitesInProcess(ForkedBooter.java:115)
	at org.apache.maven.surefire.booter.ForkedBooter.main(ForkedBooter.java:75)
]]>
            </full-stacktrace>
          </exception> <!-- org.openqa.selenium.NoSuchElementException -->
          <reporter-output>
          </reporter-output>
        </test-method> <!-- testPositiveLogin -->
        <test-method status="PASS" signature="setupLogin()[pri:0, instance:com.dimaria95.testapp.LoginTest@1324409e]" name="setupLogin" is-config="true" duration-ms="0" started-at="2018-05-14T14:26:15Z" finished-at="2018-05-14T14:26:15Z">
          <reporter-output>
          </reporter-output>
        </test-method> <!-- setupLogin -->
        <test-method status="PASS" signature="tearDown()[pri:0, instance:com.dimaria95.testapp.LoginTest@1324409e]" name="tearDown" is-config="true" duration-ms="889" started-at="2018-05-14T14:26:45Z" finished-at="2018-05-14T14:26:46Z">
          <reporter-output>
          </reporter-output>
        </test-method> <!-- tearDown -->
      </class> <!-- com.dimaria95.testapp.LoginTest -->
      <class name="com.dimaria95.testapp.AddToCartTest">
        <test-method status="PASS" signature="setupTest()[pri:0, instance:com.dimaria95.testapp.AddToCartTest@2c6a3f77]" name="setupTest" is-config="true" duration-ms="21387" started-at="2018-05-14T14:22:37Z" finished-at="2018-05-14T14:22:58Z">
          <reporter-output>
          </reporter-output>
        </test-method> <!-- setupTest -->
        <test-method status="PASS" signature="initEmptyCart()[pri:0, instance:com.dimaria95.testapp.AddToCartTest@2c6a3f77]" name="initEmptyCart" is-config="true" duration-ms="5561" started-at="2018-05-14T14:22:58Z" finished-at="2018-05-14T14:23:04Z">
          <reporter-output>
          </reporter-output>
        </test-method> <!-- initEmptyCart -->
        <test-method status="PASS" signature="AddMultipleDifferentItems()[pri:0, instance:com.dimaria95.testapp.AddToCartTest@2c6a3f77]" name="AddMultipleDifferentItems" duration-ms="15924" started-at="2018-05-14T14:23:04Z" finished-at="2018-05-14T14:23:20Z">
          <reporter-output>
          </reporter-output>
        </test-method> <!-- AddMultipleDifferentItems -->
        <test-method status="PASS" signature="initEmptyCart()[pri:0, instance:com.dimaria95.testapp.AddToCartTest@2c6a3f77]" name="initEmptyCart" is-config="true" duration-ms="10139" started-at="2018-05-14T14:23:20Z" finished-at="2018-05-14T14:23:30Z">
          <reporter-output>
          </reporter-output>
        </test-method> <!-- initEmptyCart -->
        <test-method status="PASS" signature="AddMultipleSameItemsToCart()[pri:0, instance:com.dimaria95.testapp.AddToCartTest@2c6a3f77]" name="AddMultipleSameItemsToCart" duration-ms="7960" started-at="2018-05-14T14:23:30Z" finished-at="2018-05-14T14:23:38Z">
          <reporter-output>
          </reporter-output>
        </test-method> <!-- AddMultipleSameItemsToCart -->
        <test-method status="PASS" signature="initEmptyCart()[pri:0, instance:com.dimaria95.testapp.AddToCartTest@2c6a3f77]" name="initEmptyCart" is-config="true" duration-ms="6271" started-at="2018-05-14T14:23:38Z" finished-at="2018-05-14T14:23:44Z">
          <reporter-output>
          </reporter-output>
        </test-method> <!-- initEmptyCart -->
        <test-method status="PASS" signature="AddOneItemToCart()[pri:0, instance:com.dimaria95.testapp.AddToCartTest@2c6a3f77]" name="AddOneItemToCart" duration-ms="9282" started-at="2018-05-14T14:23:44Z" finished-at="2018-05-14T14:23:53Z">
          <reporter-output>
          </reporter-output>
        </test-method> <!-- AddOneItemToCart -->
        <test-method status="PASS" signature="initEmptyCart()[pri:0, instance:com.dimaria95.testapp.AddToCartTest@2c6a3f77]" name="initEmptyCart" is-config="true" duration-ms="4868" started-at="2018-05-14T14:23:53Z" finished-at="2018-05-14T14:23:58Z">
          <reporter-output>
          </reporter-output>
        </test-method> <!-- initEmptyCart -->
        <test-method status="PASS" signature="removeOneItem()[pri:0, instance:com.dimaria95.testapp.AddToCartTest@2c6a3f77]" name="removeOneItem" duration-ms="9154" started-at="2018-05-14T14:23:58Z" finished-at="2018-05-14T14:24:07Z">
          <reporter-output>
          </reporter-output>
        </test-method> <!-- removeOneItem -->
        <test-method status="PASS" signature="tearDown()[pri:0, instance:com.dimaria95.testapp.AddToCartTest@2c6a3f77]" name="tearDown" is-config="true" duration-ms="1036" started-at="2018-05-14T14:24:07Z" finished-at="2018-05-14T14:24:08Z">
          <reporter-output>
          </reporter-output>
        </test-method> <!-- tearDown -->
      </class> <!-- com.dimaria95.testapp.AddToCartTest -->
    </test> <!-- Command line test -->
  </suite> <!-- Command line suite -->
</testng-results>
